<?xml version="1.0" encoding="UTF-8"?>
<!-- Generated by org.testng.reporters.JUnitReportReporter -->
<testsuite hostname="Enthrall_IT" failures="0" tests="1" name="pages.HomePageTest" time="28.373" errors="0" timestamp="2023-12-05T22:00:44 EST" skipped="0">
  <testcase classname="pages.HomePageTest" name="inputTextInUserIdAndPasswordFieldThenClickLoginButtonTest" time="28.373"/>
  <system-out>
    <![CDATA[August 2023 QA Bootcamp <-----> has been put into <-----> [[ChromeDriver: chrome on windows (bf7a708fe3a7f041e79347beaf149c90)] -> name: user-d]<br>
Enthrall@042023 <-----> has been put into <-----> [[ChromeDriver: chrome on windows (bf7a708fe3a7f041e79347beaf149c90)] -> name: pass-d]<br>
[[ChromeDriver: chrome on windows (bf7a708fe3a7f041e79347beaf149c90)] -> xpath: //label[@id='cms-label-tc']]<---------> has been clicked<br>
[[ChromeDriver: chrome on windows (bf7a708fe3a7f041e79347beaf149c90)] -> id: cms-login-submit]<---------> has been clicked<br>]]>
  </system-out>
</testsuite> <!-- pages.HomePageTest -->
